2021-09-20 13:15:38,487 INFO  [log] this is first program
2021-09-20 13:15:38,503 INFO  [log] ramu
2021-09-20 13:15:38,504 INFO  [log] 22
2021-09-20 13:15:38,504 INFO  [log] 44
2021-09-20 13:15:38,561 INFO  [log] ece
2021-09-20 13:15:38,561 INFO  [log] 34
2021-09-20 13:15:39,190 INFO  [log] kavina
2021-09-20 13:15:39,191 INFO  [log] kavina
2021-09-20 13:18:44,696 INFO  [log] this is first program
2021-09-20 13:18:44,712 INFO  [log] ramu
2021-09-20 13:18:44,713 INFO  [log] 22
2021-09-20 13:18:44,713 INFO  [log] 44
2021-09-20 13:18:44,826 INFO  [log] ece
2021-09-20 13:18:44,827 INFO  [log] 34
2021-09-20 13:18:45,522 INFO  [log] kavina
2021-09-20 13:18:45,522 INFO  [log] kavina
2021-09-20 13:42:00,694 INFO  [log] this is first program
2021-09-20 13:42:00,709 INFO  [log] ramu
2021-09-20 13:42:00,709 INFO  [log] 22
2021-09-20 13:42:00,710 INFO  [log] 44
2021-09-20 13:42:00,763 INFO  [log] ece
2021-09-20 13:42:00,764 INFO  [log] 34
2021-09-20 13:42:01,414 INFO  [log] kavina
2021-09-20 13:42:01,415 INFO  [log] kavina
2021-09-20 16:57:14,709 INFO  [log] this is first program
2021-09-20 16:57:14,724 INFO  [log] ramu
2021-09-20 16:57:14,724 INFO  [log] 22
2021-09-20 16:57:14,724 INFO  [log] 44
2021-09-20 16:57:14,816 INFO  [log] ece
2021-09-20 16:57:14,816 INFO  [log] 34
2021-09-20 16:57:15,678 INFO  [log] kavina
2021-09-20 16:57:15,679 INFO  [log] kavina
2021-09-22 10:52:05,290 INFO  [log] this is first program
2021-09-22 10:52:05,301 INFO  [log] ramu
2021-09-22 10:52:05,301 INFO  [log] 22
2021-09-22 10:52:05,301 INFO  [log] 44
2021-09-22 10:52:05,336 INFO  [log] ece
2021-09-22 10:52:05,336 INFO  [log] 34
2021-09-22 10:52:05,841 INFO  [log] kavina
2021-09-22 10:52:05,841 INFO  [log] kavina
2021-09-22 10:52:57,925 INFO  [log] this is first program
2021-09-22 10:52:57,938 INFO  [log] ramu
2021-09-22 10:52:57,938 INFO  [log] 22
2021-09-22 10:52:57,939 INFO  [log] 44
2021-09-22 10:52:57,974 INFO  [log] ece
2021-09-22 10:52:57,974 INFO  [log] 34
2021-09-22 10:52:58,504 INFO  [log] kavina
2021-09-22 10:52:58,504 INFO  [log] kavina
