2021-09-22 10:52:48,229 WARN  [SoapUI] Missing folder [C:\Users\vishnupriya\eclipse-workspace\SoapUI\ext] for external libraries
2021-09-22 10:52:48,438 INFO  [DefaultSoapUICore] initialized soapui-settings from [C:\Users\vishnupriya\soapui-settings.xml]
2021-09-22 10:52:49,004 INFO  [Reflections] Reflections took 84 ms to scan 2 urls, producing 75 keys and 160 values 
2021-09-22 10:52:49,049 INFO  [Reflections] Reflections took 23 ms to scan 1 urls, producing 46 keys and 344 values 
2021-09-22 10:52:49,062 INFO  [Reflections] Reflections took 8 ms to scan 1 urls, producing 11 keys and 17 values 
2021-09-22 10:52:49,080 INFO  [Reflections] Reflections took 8 ms to scan 1 urls, producing 13 keys and 21 values 
2021-09-22 10:52:49,295 INFO  [Reflections] Reflections took 165 ms to scan 13 urls, producing 341 keys and 1458 values 
2021-09-22 10:52:49,308 INFO  [PluginManager] Adding plugin from [C:\Users\vishnupriya\.soapuios\plugins\ready-mqtt-plugin-dist.jar]
2021-09-22 10:52:49,308 INFO  [PluginManager] Adding plugin from [C:\Users\vishnupriya\.soapuios\plugins\soapui-swagger-plugin-2.2-dist.jar]
2021-09-22 10:52:49,371 INFO  [Reflections] Reflections took 45 ms to scan 2 urls, producing 75 keys and 160 values 
2021-09-22 10:52:49,560 INFO  [Reflections] Reflections took 178 ms to scan 13 urls, producing 341 keys and 1458 values 
2021-09-22 10:52:50,193 INFO  [Reflections] Reflections took 798 ms to scan 1 urls, producing 1492 keys and 5707 values 
2021-09-22 10:52:50,225 INFO  [PluginManager] Adding plugin from [C:\Users\vishnupriya\.soapuios\plugins\ready-uxm-plugin-os-1.0.3.jar]
2021-09-22 10:52:50,267 INFO  [Reflections] Reflections took 34 ms to scan 1 urls, producing 46 keys and 344 values 
2021-09-22 10:52:50,364 INFO  [Reflections] Reflections took 790 ms to scan 1 urls, producing 1492 keys and 5707 values 
2021-09-22 10:52:50,398 INFO  [PluginManager] Adding plugin from [C:\Users\vishnupriya\.soapuios\plugins\readyapi-postman-1.0.1.jar]
2021-09-22 10:52:50,413 INFO  [Reflections] Reflections took 6 ms to scan 1 urls, producing 11 keys and 17 values 
2021-09-22 10:52:50,854 INFO  [Reflections] Reflections took 580 ms to scan 1 urls, producing 1492 keys and 5707 values 
2021-09-22 10:52:50,862 INFO  [PluginManager] Adding plugin from [C:\Users\vishnupriya\.soapuios\plugins\readyapi-swaggerhub-plugin-1.0.jar]
2021-09-22 10:52:50,876 INFO  [Reflections] Reflections took 7 ms to scan 1 urls, producing 13 keys and 21 values 
2021-09-22 10:52:50,966 INFO  [Reflections] Reflections took 545 ms to scan 1 urls, producing 1492 keys and 5707 values 
2021-09-22 10:52:51,302 INFO  [Reflections] Reflections took 418 ms to scan 1 urls, producing 1492 keys and 5707 values 
2021-09-22 10:52:51,312 INFO  [PluginManager] 5 plugins loaded in 2000 ms
2021-09-22 10:52:51,313 INFO  [DefaultSoapUICore] All plugins loaded
2021-09-22 10:52:52,534 INFO  [WsdlProject] Loaded project from [file:/C:/Users/vishnupriya/Documents/REST-Project-4-soapui-project.xml]
2021-09-22 10:52:56,667 INFO  [WsdlProject] Loaded project from [file:/C:/Users/vishnupriya/Documents/Automation-soapui-project.xml]
2021-09-22 10:52:57,925 INFO  [log] this is first program
2021-09-22 10:52:57,938 INFO  [log] ramu
2021-09-22 10:52:57,938 INFO  [log] 22
2021-09-22 10:52:57,939 INFO  [log] 44
2021-09-22 10:52:57,974 INFO  [log] ece
2021-09-22 10:52:57,974 INFO  [log] 34
2021-09-22 10:52:58,504 INFO  [log] kavina
2021-09-22 10:52:58,504 INFO  [log] kavina
2021-09-22 10:52:58,565 INFO  [WsdlProject] Loaded project from [file:/C:/Users/vishnupriya/Documents/Automation-soapui-project.xml]
2021-09-22 10:52:58,987 WARN  [Tools] Could not delete temporary directory C:\Users\VISHNU~1\AppData\Local\Temp\642d3c62-f551-4c9f-9b87-9e3a94706513
2021-09-22 10:52:58,988 WARN  [Tools] Could not delete temporary directory C:\Users\VISHNU~1\AppData\Local\Temp\b3a46445-ffa7-44da-95d8-1c3b0dc2ef0c
